<?xml version="1.0" encoding="UTF-8"?>
<testng-results ignored="0" total="6" passed="5" failed="1" skipped="0">
  <reporter-output>
  </reporter-output>
  <suite started-at="2020-06-07T22:22:11 CEST" name="Suite" finished-at="2020-06-07T22:22:16 CEST" duration-ms="5115">
    <groups>
    </groups>
    <test started-at="2020-06-07T22:22:11 CEST" name="Test" finished-at="2020-06-07T22:22:16 CEST" duration-ms="5115">
      <class name="RestApi.gitapi.ApiTest">
        <test-method is-config="true" signature="getUrl()[pri:0, instance:RestApi.gitapi.ApiTest@13c10b87]" started-at="2020-06-07T22:22:11 CEST" name="getUrl" finished-at="2020-06-07T22:22:11 CEST" duration-ms="9" status="PASS">
          <reporter-output>
          </reporter-output>
        </test-method> <!-- getUrl -->
        <test-method signature="headerValidation()[pri:0, instance:RestApi.gitapi.ApiTest@13c10b87]" started-at="2020-06-07T22:22:11 CEST" name="headerValidation" finished-at="2020-06-07T22:22:13 CEST" duration-ms="1593" status="PASS">
          <reporter-output>
          </reporter-output>
        </test-method> <!-- headerValidation -->
        <test-method signature="invalidCode()[pri:0, instance:RestApi.gitapi.ApiTest@13c10b87]" started-at="2020-06-07T22:22:13 CEST" name="invalidCode" finished-at="2020-06-07T22:22:13 CEST" duration-ms="226" status="PASS">
          <reporter-output>
          </reporter-output>
        </test-method> <!-- invalidCode -->
        <test-method signature="jasonValidation()[pri:0, instance:RestApi.gitapi.ApiTest@13c10b87]" started-at="2020-06-07T22:22:13 CEST" name="jasonValidation" finished-at="2020-06-07T22:22:13 CEST" duration-ms="197" status="FAIL">
          <exception class="java.lang.AssertionError">
            <message>
              <![CDATA[expected [95188] but found [95203]]]>
            </message>
            <full-stacktrace>
              <![CDATA[java.lang.AssertionError: expected [95188] but found [95203]
at org.testng.Assert.fail(Assert.java:97)
at org.testng.Assert.assertEqualsImpl(Assert.java:136)
at org.testng.Assert.assertEquals(Assert.java:118)
at org.testng.Assert.assertEquals(Assert.java:563)
at RestApi.gitapi.ApiTest.jasonValidation(ApiTest.java:93)
at java.base/jdk.internal.reflect.NativeMethodAccessorImpl.invoke0(Native Method)
at java.base/jdk.internal.reflect.NativeMethodAccessorImpl.invoke(NativeMethodAccessorImpl.java:62)
at java.base/jdk.internal.reflect.DelegatingMethodAccessorImpl.invoke(DelegatingMethodAccessorImpl.java:43)
at java.base/java.lang.reflect.Method.invoke(Method.java:567)
at org.testng.internal.MethodInvocationHelper.invokeMethod(MethodInvocationHelper.java:134)
at org.testng.internal.TestInvoker.invokeMethod(TestInvoker.java:597)
at org.testng.internal.TestInvoker.invokeTestMethod(TestInvoker.java:173)
at org.testng.internal.MethodRunner.runInSequence(MethodRunner.java:46)
at org.testng.internal.TestInvoker$MethodInvocationAgent.invoke(TestInvoker.java:816)
at org.testng.internal.TestInvoker.invokeTestMethods(TestInvoker.java:146)
at org.testng.internal.TestMethodWorker.invokeTestMethods(TestMethodWorker.java:146)
at org.testng.internal.TestMethodWorker.run(TestMethodWorker.java:128)
at java.base/java.util.ArrayList.forEach(ArrayList.java:1507)
at org.testng.TestRunner.privateRun(TestRunner.java:766)
at org.testng.TestRunner.run(TestRunner.java:587)
at org.testng.SuiteRunner.runTest(SuiteRunner.java:384)
at org.testng.SuiteRunner.runSequentially(SuiteRunner.java:378)
at org.testng.SuiteRunner.privateRun(SuiteRunner.java:337)
at org.testng.SuiteRunner.run(SuiteRunner.java:286)
at org.testng.SuiteRunnerWorker.runSuite(SuiteRunnerWorker.java:53)
at org.testng.SuiteRunnerWorker.run(SuiteRunnerWorker.java:96)
at org.testng.TestNG.runSuitesSequentially(TestNG.java:1187)
at org.testng.TestNG.runSuitesLocally(TestNG.java:1109)
at org.testng.TestNG.runSuites(TestNG.java:1039)
at org.testng.TestNG.run(TestNG.java:1007)
at org.testng.remote.AbstractRemoteTestNG.run(AbstractRemoteTestNG.java:115)
at org.testng.remote.RemoteTestNG.initAndRun(RemoteTestNG.java:251)
at org.testng.remote.RemoteTestNG.main(RemoteTestNG.java:77)
]]>
            </full-stacktrace>
          </exception> <!-- java.lang.AssertionError -->
          <reporter-output>
          </reporter-output>
        </test-method> <!-- jasonValidation -->
        <test-method signature="searchOrdered()[pri:0, instance:RestApi.gitapi.ApiTest@13c10b87]" started-at="2020-06-07T22:22:13 CEST" name="searchOrdered" finished-at="2020-06-07T22:22:15 CEST" duration-ms="1524" status="PASS">
          <reporter-output>
          </reporter-output>
        </test-method> <!-- searchOrdered -->
        <test-method signature="searchSorted()[pri:0, instance:RestApi.gitapi.ApiTest@13c10b87]" started-at="2020-06-07T22:22:15 CEST" name="searchSorted" finished-at="2020-06-07T22:22:16 CEST" duration-ms="1388" status="PASS">
          <reporter-output>
          </reporter-output>
        </test-method> <!-- searchSorted -->
        <test-method signature="searchUrl()[pri:0, instance:RestApi.gitapi.ApiTest@13c10b87]" started-at="2020-06-07T22:22:16 CEST" name="searchUrl" finished-at="2020-06-07T22:22:16 CEST" duration-ms="118" status="PASS">
          <reporter-output>
          </reporter-output>
        </test-method> <!-- searchUrl -->
      </class> <!-- RestApi.gitapi.ApiTest -->
    </test> <!-- Test -->
  </suite> <!-- Suite -->
</testng-results>
